{"/Users/snekcode/Projects/material-ui-search-bar/src/index.ts": {"path":"/Users/snekcode/Projects/material-ui-search-bar/src/index.ts","statementMap":{},"fnMap":{},"branchMap":{},"s":{},"f":{},"b":{}}
,"/Users/snekcode/Projects/material-ui-search-bar/src/components/SearchBar/SearchBar.tsx": {"path":"/Users/snekcode/Projects/material-ui-search-bar/src/components/SearchBar/SearchBar.tsx","statementMap":{"0":{"start":{"line":11,"column":15},"end":{"line":47,"column":2}},"1":{"start":{"line":11,"column":27},"end":{"line":47,"column":1}},"2":{"start":{"line":92,"column":18},"end":{"line":223,"column":1}},"3":{"start":{"line":110,"column":63},"end":{"line":112,"column":5}},"4":{"start":{"line":113,"column":30},"end":{"line":113,"column":62}},"5":{"start":{"line":115,"column":4},"end":{"line":117,"column":27}},"6":{"start":{"line":116,"column":6},"end":{"line":116,"column":33}},"7":{"start":{"line":119,"column":24},"end":{"line":126,"column":5}},"8":{"start":{"line":121,"column":8},"end":{"line":123,"column":9}},"9":{"start":{"line":122,"column":10},"end":{"line":122,"column":32}},"10":{"start":{"line":128,"column":23},"end":{"line":136,"column":5}},"11":{"start":{"line":130,"column":8},"end":{"line":130,"column":34}},"12":{"start":{"line":130,"column":24},"end":{"line":130,"column":32}},"13":{"start":{"line":131,"column":8},"end":{"line":133,"column":9}},"14":{"start":{"line":132,"column":10},"end":{"line":132,"column":31}},"15":{"start":{"line":138,"column":24},"end":{"line":144,"column":5}},"16":{"start":{"line":140,"column":8},"end":{"line":140,"column":33}},"17":{"start":{"line":141,"column":8},"end":{"line":141,"column":44}},"18":{"start":{"line":146,"column":25},"end":{"line":149,"column":24}},"19":{"start":{"line":147,"column":6},"end":{"line":147,"column":19}},"20":{"start":{"line":148,"column":6},"end":{"line":148,"column":23}},"21":{"start":{"line":151,"column":32},"end":{"line":155,"column":32}},"22":{"start":{"line":152,"column":6},"end":{"line":154,"column":7}},"23":{"start":{"line":153,"column":8},"end":{"line":153,"column":31}},"24":{"start":{"line":157,"column":24},"end":{"line":172,"column":5}},"25":{"start":{"line":159,"column":8},"end":{"line":166,"column":9}},"26":{"start":{"line":160,"column":10},"end":{"line":160,"column":32}},"27":{"start":{"line":161,"column":15},"end":{"line":166,"column":9}},"28":{"start":{"line":165,"column":10},"end":{"line":165,"column":25}},"29":{"start":{"line":167,"column":8},"end":{"line":169,"column":9}},"30":{"start":{"line":168,"column":10},"end":{"line":168,"column":32}},"31":{"start":{"line":174,"column":4},"end":{"line":221,"column":6}}},"fnMap":{"0":{"name":"(anonymous_0)","decl":{"start":{"line":11,"column":15},"end":{"line":11,"column":16}},"loc":{"start":{"line":11,"column":27},"end":{"line":47,"column":1}},"line":11},"1":{"name":"(anonymous_1)","decl":{"start":{"line":93,"column":2},"end":{"line":93,"column":3}},"loc":{"start":{"line":109,"column":7},"end":{"line":222,"column":3}},"line":109},"2":{"name":"(anonymous_2)","decl":{"start":{"line":115,"column":20},"end":{"line":115,"column":21}},"loc":{"start":{"line":115,"column":26},"end":{"line":117,"column":5}},"line":115},"3":{"name":"(anonymous_3)","decl":{"start":{"line":120,"column":6},"end":{"line":120,"column":7}},"loc":{"start":{"line":120,"column":13},"end":{"line":124,"column":7}},"line":120},"4":{"name":"(anonymous_4)","decl":{"start":{"line":129,"column":6},"end":{"line":129,"column":7}},"loc":{"start":{"line":129,"column":13},"end":{"line":134,"column":7}},"line":129},"5":{"name":"(anonymous_5)","decl":{"start":{"line":130,"column":17},"end":{"line":130,"column":18}},"loc":{"start":{"line":130,"column":24},"end":{"line":130,"column":32}},"line":130},"6":{"name":"(anonymous_6)","decl":{"start":{"line":139,"column":6},"end":{"line":139,"column":7}},"loc":{"start":{"line":139,"column":13},"end":{"line":142,"column":7}},"line":139},"7":{"name":"(anonymous_7)","decl":{"start":{"line":146,"column":43},"end":{"line":146,"column":44}},"loc":{"start":{"line":146,"column":49},"end":{"line":149,"column":5}},"line":146},"8":{"name":"(anonymous_8)","decl":{"start":{"line":151,"column":50},"end":{"line":151,"column":51}},"loc":{"start":{"line":151,"column":56},"end":{"line":155,"column":5}},"line":151},"9":{"name":"(anonymous_9)","decl":{"start":{"line":158,"column":6},"end":{"line":158,"column":7}},"loc":{"start":{"line":158,"column":13},"end":{"line":170,"column":7}},"line":158}},"branchMap":{"0":{"loc":{"start":{"line":96,"column":6},"end":{"line":96,"column":20}},"type":"default-arg","locations":[{"start":{"line":96,"column":18},"end":{"line":96,"column":20}}],"line":96},"1":{"loc":{"start":{"line":98,"column":6},"end":{"line":98,"column":31}},"type":"default-arg","locations":[{"start":{"line":98,"column":18},"end":{"line":98,"column":31}}],"line":98},"2":{"loc":{"start":{"line":99,"column":6},"end":{"line":99,"column":22}},"type":"default-arg","locations":[{"start":{"line":99,"column":17},"end":{"line":99,"column":22}}],"line":99},"3":{"loc":{"start":{"line":102,"column":6},"end":{"line":102,"column":33}},"type":"default-arg","locations":[{"start":{"line":102,"column":19},"end":{"line":102,"column":33}}],"line":102},"4":{"loc":{"start":{"line":103,"column":6},"end":{"line":103,"column":23}},"type":"default-arg","locations":[{"start":{"line":103,"column":14},"end":{"line":103,"column":23}}],"line":103},"5":{"loc":{"start":{"line":104,"column":6},"end":{"line":104,"column":28}},"type":"default-arg","locations":[{"start":{"line":104,"column":20},"end":{"line":104,"column":28}}],"line":104},"6":{"loc":{"start":{"line":121,"column":8},"end":{"line":123,"column":9}},"type":"if","locations":[{"start":{"line":121,"column":8},"end":{"line":123,"column":9}},{"start":{"line":121,"column":8},"end":{"line":123,"column":9}}],"line":121},"7":{"loc":{"start":{"line":131,"column":8},"end":{"line":133,"column":9}},"type":"if","locations":[{"start":{"line":131,"column":8},"end":{"line":133,"column":9}},{"start":{"line":131,"column":8},"end":{"line":133,"column":9}}],"line":131},"8":{"loc":{"start":{"line":152,"column":6},"end":{"line":154,"column":7}},"type":"if","locations":[{"start":{"line":152,"column":6},"end":{"line":154,"column":7}},{"start":{"line":152,"column":6},"end":{"line":154,"column":7}}],"line":152},"9":{"loc":{"start":{"line":159,"column":8},"end":{"line":166,"column":9}},"type":"if","locations":[{"start":{"line":159,"column":8},"end":{"line":166,"column":9}},{"start":{"line":159,"column":8},"end":{"line":166,"column":9}}],"line":159},"10":{"loc":{"start":{"line":159,"column":12},"end":{"line":159,"column":50}},"type":"binary-expr","locations":[{"start":{"line":159,"column":12},"end":{"line":159,"column":29}},{"start":{"line":159,"column":33},"end":{"line":159,"column":50}}],"line":159},"11":{"loc":{"start":{"line":161,"column":15},"end":{"line":166,"column":9}},"type":"if","locations":[{"start":{"line":161,"column":15},"end":{"line":166,"column":9}},{"start":{"line":161,"column":15},"end":{"line":166,"column":9}}],"line":161},"12":{"loc":{"start":{"line":162,"column":10},"end":{"line":163,"column":51}},"type":"binary-expr","locations":[{"start":{"line":162,"column":10},"end":{"line":162,"column":24}},{"start":{"line":163,"column":11},"end":{"line":163,"column":28}},{"start":{"line":163,"column":32},"end":{"line":163,"column":50}}],"line":162},"13":{"loc":{"start":{"line":167,"column":8},"end":{"line":169,"column":9}},"type":"if","locations":[{"start":{"line":167,"column":8},"end":{"line":169,"column":9}},{"start":{"line":167,"column":8},"end":{"line":169,"column":9}}],"line":167}},"s":{"0":1,"1":13,"2":1,"3":18,"4":18,"5":18,"6":13,"7":18,"8":4,"9":1,"10":18,"11":2,"12":2,"13":2,"14":1,"15":18,"16":3,"17":3,"18":18,"19":3,"20":3,"21":18,"22":4,"23":2,"24":18,"25":5,"26":2,"27":3,"28":1,"29":5,"30":1,"31":18},"f":{"0":13,"1":18,"2":13,"3":4,"4":2,"5":2,"6":3,"7":3,"8":4,"9":5},"b":{"0":[18],"1":[18],"2":[18],"3":[18],"4":[18],"5":[18],"6":[1,3],"7":[1,1],"8":[2,2],"9":[2,3],"10":[5,5],"11":[1,2],"12":[3,2,2],"13":[1,4]},"_coverageSchema":"1a1c01bbd47fc00a2c39e90264f33305004495a9","hash":"ef7d4f5beede780bb4c33fe460a4f0a635954632"}
,"/Users/snekcode/Projects/material-ui-search-bar/src/components/SearchBar/index.ts": {"path":"/Users/snekcode/Projects/material-ui-search-bar/src/components/SearchBar/index.ts","statementMap":{},"fnMap":{},"branchMap":{},"s":{},"f":{},"b":{}}
,"/Users/snekcode/Projects/material-ui-search-bar/src/stories/SearchBar.stories.tsx": {"path":"/Users/snekcode/Projects/material-ui-search-bar/src/stories/SearchBar.stories.tsx","statementMap":{"0":{"start":{"line":31,"column":41},"end":{"line":41,"column":1}},"1":{"start":{"line":33,"column":4},"end":{"line":40,"column":5}},"2":{"start":{"line":43,"column":21},"end":{"line":70,"column":1}},"3":{"start":{"line":44,"column":28},"end":{"line":44,"column":49}},"4":{"start":{"line":45,"column":30},"end":{"line":45,"column":42}},"5":{"start":{"line":47,"column":2},"end":{"line":55,"column":9}},"6":{"start":{"line":48,"column":27},"end":{"line":52,"column":7}},"7":{"start":{"line":49,"column":25},"end":{"line":49,"column":86}},"8":{"start":{"line":51,"column":8},"end":{"line":51,"column":35}},"9":{"start":{"line":54,"column":4},"end":{"line":54,"column":21}},"10":{"start":{"line":57,"column":2},"end":{"line":57,"column":21}},"11":{"start":{"line":59,"column":2},"end":{"line":69,"column":4}},"12":{"start":{"line":61,"column":53},"end":{"line":61,"column":76}},"13":{"start":{"line":61,"column":100},"end":{"line":61,"column":113}},"14":{"start":{"line":64,"column":32},"end":{"line":64,"column":211}},"15":{"start":{"line":65,"column":12},"end":{"line":65,"column":46}}},"fnMap":{"0":{"name":"(anonymous_0)","decl":{"start":{"line":31,"column":41},"end":{"line":31,"column":42}},"loc":{"start":{"line":31,"column":53},"end":{"line":41,"column":1}},"line":31},"1":{"name":"(anonymous_1)","decl":{"start":{"line":43,"column":21},"end":{"line":43,"column":22}},"loc":{"start":{"line":43,"column":27},"end":{"line":70,"column":1}},"line":43},"2":{"name":"(anonymous_2)","decl":{"start":{"line":47,"column":12},"end":{"line":47,"column":13}},"loc":{"start":{"line":47,"column":18},"end":{"line":55,"column":3}},"line":47},"3":{"name":"(anonymous_3)","decl":{"start":{"line":48,"column":27},"end":{"line":48,"column":28}},"loc":{"start":{"line":48,"column":39},"end":{"line":52,"column":7}},"line":48},"4":{"name":"(anonymous_4)","decl":{"start":{"line":61,"column":42},"end":{"line":61,"column":43}},"loc":{"start":{"line":61,"column":53},"end":{"line":61,"column":76}},"line":61},"5":{"name":"(anonymous_5)","decl":{"start":{"line":61,"column":94},"end":{"line":61,"column":95}},"loc":{"start":{"line":61,"column":100},"end":{"line":61,"column":113}},"line":61},"6":{"name":"(anonymous_6)","decl":{"start":{"line":64,"column":24},"end":{"line":64,"column":25}},"loc":{"start":{"line":64,"column":32},"end":{"line":64,"column":211}},"line":64},"7":{"name":"(anonymous_7)","decl":{"start":{"line":64,"column":217},"end":{"line":64,"column":218}},"loc":{"start":{"line":65,"column":12},"end":{"line":65,"column":46}},"line":65}},"branchMap":{"0":{"loc":{"start":{"line":62,"column":7},"end":{"line":62,"column":68}},"type":"cond-expr","locations":[{"start":{"line":62,"column":26},"end":{"line":62,"column":61}},{"start":{"line":62,"column":64},"end":{"line":62,"column":68}}],"line":62},"1":{"loc":{"start":{"line":64,"column":32},"end":{"line":64,"column":211}},"type":"binary-expr","locations":[{"start":{"line":64,"column":32},"end":{"line":64,"column":86}},{"start":{"line":64,"column":90},"end":{"line":64,"column":152}},{"start":{"line":64,"column":156},"end":{"line":64,"column":211}}],"line":64}},"s":{"0":0,"1":0,"2":0,"3":0,"4":0,"5":0,"6":0,"7":0,"8":0,"9":0,"10":0,"11":0,"12":0,"13":0,"14":0,"15":0},"f":{"0":0,"1":0,"2":0,"3":0,"4":0,"5":0,"6":0,"7":0},"b":{"0":[0,0],"1":[0,0,0]}}
}
