TN:
SF:src/index.ts
FNF:0
FNH:0
LF:0
LH:0
BRF:0
BRH:0
end_of_record
TN:
SF:src/components/SearchBar/SearchBar.tsx
FN:11,(anonymous_0)
FN:93,(anonymous_1)
FN:115,(anonymous_2)
FN:120,(anonymous_3)
FN:129,(anonymous_4)
FN:130,(anonymous_5)
FN:139,(anonymous_6)
FN:146,(anonymous_7)
FN:151,(anonymous_8)
FN:158,(anonymous_9)
FNF:10
FNH:10
FNDA:13,(anonymous_0)
FNDA:18,(anonymous_1)
FNDA:13,(anonymous_2)
FNDA:4,(anonymous_3)
FNDA:2,(anonymous_4)
FNDA:2,(anonymous_5)
FNDA:3,(anonymous_6)
FNDA:3,(anonymous_7)
FNDA:4,(anonymous_8)
FNDA:5,(anonymous_9)
DA:11,13
DA:92,1
DA:110,18
DA:113,18
DA:115,18
DA:116,13
DA:119,18
DA:121,4
DA:122,1
DA:128,18
DA:130,2
DA:131,2
DA:132,1
DA:138,18
DA:140,3
DA:141,3
DA:146,18
DA:147,3
DA:148,3
DA:151,18
DA:152,4
DA:153,2
DA:157,18
DA:159,5
DA:160,2
DA:161,3
DA:165,1
DA:167,5
DA:168,1
DA:174,18
LF:30
LH:30
BRDA:96,0,0,18
BRDA:98,1,0,18
BRDA:99,2,0,18
BRDA:102,3,0,18
BRDA:103,4,0,18
BRDA:104,5,0,18
BRDA:121,6,0,1
BRDA:121,6,1,3
BRDA:131,7,0,1
BRDA:131,7,1,1
BRDA:152,8,0,2
BRDA:152,8,1,2
BRDA:159,9,0,2
BRDA:159,9,1,3
BRDA:159,10,0,5
BRDA:159,10,1,5
BRDA:161,11,0,1
BRDA:161,11,1,2
BRDA:162,12,0,3
BRDA:162,12,1,2
BRDA:162,12,2,2
BRDA:167,13,0,1
BRDA:167,13,1,4
BRF:23
BRH:23
end_of_record
TN:
SF:src/components/SearchBar/index.ts
FNF:0
FNH:0
LF:0
LH:0
BRF:0
BRH:0
end_of_record
TN:
SF:src/stories/SearchBar.stories.tsx
FN:31,(anonymous_0)
FN:43,(anonymous_1)
FN:47,(anonymous_2)
FN:48,(anonymous_3)
FN:61,(anonymous_4)
FN:61,(anonymous_5)
FN:64,(anonymous_6)
FN:64,(anonymous_7)
FNF:8
FNH:0
FNDA:0,(anonymous_0)
FNDA:0,(anonymous_1)
FNDA:0,(anonymous_2)
FNDA:0,(anonymous_3)
FNDA:0,(anonymous_4)
FNDA:0,(anonymous_5)
FNDA:0,(anonymous_6)
FNDA:0,(anonymous_7)
DA:31,0
DA:33,0
DA:43,0
DA:44,0
DA:45,0
DA:47,0
DA:48,0
DA:49,0
DA:51,0
DA:54,0
DA:57,0
DA:59,0
DA:61,0
DA:64,0
DA:65,0
LF:15
LH:0
BRDA:62,0,0,0
BRDA:62,0,1,0
BRDA:64,1,0,0
BRDA:64,1,1,0
BRDA:64,1,2,0
BRF:5
BRH:0
end_of_record
